<?xml version="1.0" encoding="UTF-8"?>
<testsuite xmlns:xsi="http://www.w3.org/2001/XMLSchema-instance" xsi:noNamespaceSchemaLocation="https://maven.apache.org/surefire/maven-surefire-plugin/xsd/surefire-test-report.xsd" name="com.mk.testAssignment.TestAssignmentApplicationTests" time="10.744" tests="2" errors="0" skipped="0" failures="0">
  <properties>
    <property name="sun.desktop" value="gnome"/>
    <property name="awt.toolkit" value="sun.awt.X11.XToolkit"/>
    <property name="jdk.extensions.version" value="8.0.282.0"/>
    <property name="file.encoding.pkg" value="sun.io"/>
    <property name="java.specification.version" value="1.8"/>
    <property name="sun.jnu.encoding" value="UTF-8"/>
    <property name="java.class.path" value="/media/morteza/Develop/Projects/JavaTest/aasda/testAssignment/target/test-classes:/media/morteza/Develop/Projects/JavaTest/aasda/testAssignment/target/classes:/home/morteza/.m2/repository/org/springframework/boot/spring-boot-starter-thymeleaf/2.4.3/spring-boot-starter-thymeleaf-2.4.3.jar:/home/morteza/.m2/repository/org/springframework/boot/spring-boot-starter/2.4.3/spring-boot-starter-2.4.3.jar:/home/morteza/.m2/repository/org/springframework/boot/spring-boot/2.4.3/spring-boot-2.4.3.jar:/home/morteza/.m2/repository/org/springframework/boot/spring-boot-autoconfigure/2.4.3/spring-boot-autoconfigure-2.4.3.jar:/home/morteza/.m2/repository/org/springframework/boot/spring-boot-starter-logging/2.4.3/spring-boot-starter-logging-2.4.3.jar:/home/morteza/.m2/repository/ch/qos/logback/logback-classic/1.2.3/logback-classic-1.2.3.jar:/home/morteza/.m2/repository/ch/qos/logback/logback-core/1.2.3/logback-core-1.2.3.jar:/home/morteza/.m2/repository/org/apache/logging/log4j/log4j-to-slf4j/2.13.3/log4j-to-slf4j-2.13.3.jar:/home/morteza/.m2/repository/org/apache/logging/log4j/log4j-api/2.13.3/log4j-api-2.13.3.jar:/home/morteza/.m2/repository/org/slf4j/jul-to-slf4j/1.7.30/jul-to-slf4j-1.7.30.jar:/home/morteza/.m2/repository/jakarta/annotation/jakarta.annotation-api/1.3.5/jakarta.annotation-api-1.3.5.jar:/home/morteza/.m2/repository/org/yaml/snakeyaml/1.27/snakeyaml-1.27.jar:/home/morteza/.m2/repository/org/thymeleaf/thymeleaf-spring5/3.0.12.RELEASE/thymeleaf-spring5-3.0.12.RELEASE.jar:/home/morteza/.m2/repository/org/thymeleaf/thymeleaf/3.0.12.RELEASE/thymeleaf-3.0.12.RELEASE.jar:/home/morteza/.m2/repository/org/attoparser/attoparser/2.0.5.RELEASE/attoparser-2.0.5.RELEASE.jar:/home/morteza/.m2/repository/org/unbescape/unbescape/1.1.6.RELEASE/unbescape-1.1.6.RELEASE.jar:/home/morteza/.m2/repository/org/slf4j/slf4j-api/1.7.30/slf4j-api-1.7.30.jar:/home/morteza/.m2/repository/org/thymeleaf/extras/thymeleaf-extras-java8time/3.0.4.RELEASE/thymeleaf-extras-java8time-3.0.4.RELEASE.jar:/home/morteza/.m2/repository/org/springframework/boot/spring-boot-starter-data-jpa/2.4.3/spring-boot-starter-data-jpa-2.4.3.jar:/home/morteza/.m2/repository/org/springframework/boot/spring-boot-starter-aop/2.4.3/spring-boot-starter-aop-2.4.3.jar:/home/morteza/.m2/repository/org/aspectj/aspectjweaver/1.9.6/aspectjweaver-1.9.6.jar:/home/morteza/.m2/repository/org/springframework/boot/spring-boot-starter-jdbc/2.4.3/spring-boot-starter-jdbc-2.4.3.jar:/home/morteza/.m2/repository/com/zaxxer/HikariCP/3.4.5/HikariCP-3.4.5.jar:/home/morteza/.m2/repository/org/springframework/spring-jdbc/5.3.4/spring-jdbc-5.3.4.jar:/home/morteza/.m2/repository/jakarta/transaction/jakarta.transaction-api/1.3.3/jakarta.transaction-api-1.3.3.jar:/home/morteza/.m2/repository/jakarta/persistence/jakarta.persistence-api/2.2.3/jakarta.persistence-api-2.2.3.jar:/home/morteza/.m2/repository/org/hibernate/hibernate-core/5.4.28.Final/hibernate-core-5.4.28.Final.jar:/home/morteza/.m2/repository/org/jboss/logging/jboss-logging/3.4.1.Final/jboss-logging-3.4.1.Final.jar:/home/morteza/.m2/repository/org/javassist/javassist/3.27.0-GA/javassist-3.27.0-GA.jar:/home/morteza/.m2/repository/net/bytebuddy/byte-buddy/1.10.20/byte-buddy-1.10.20.jar:/home/morteza/.m2/repository/antlr/antlr/2.7.7/antlr-2.7.7.jar:/home/morteza/.m2/repository/org/jboss/jandex/2.2.3.Final/jandex-2.2.3.Final.jar:/home/morteza/.m2/repository/com/fasterxml/classmate/1.5.1/classmate-1.5.1.jar:/home/morteza/.m2/repository/org/dom4j/dom4j/2.1.3/dom4j-2.1.3.jar:/home/morteza/.m2/repository/org/hibernate/common/hibernate-commons-annotations/5.1.2.Final/hibernate-commons-annotations-5.1.2.Final.jar:/home/morteza/.m2/repository/org/glassfish/jaxb/jaxb-runtime/2.3.3/jaxb-runtime-2.3.3.jar:/home/morteza/.m2/repository/org/glassfish/jaxb/txw2/2.3.3/txw2-2.3.3.jar:/home/morteza/.m2/repository/com/sun/istack/istack-commons-runtime/3.0.11/istack-commons-runtime-3.0.11.jar:/home/morteza/.m2/repository/com/sun/activation/jakarta.activation/1.2.2/jakarta.activation-1.2.2.jar:/home/morteza/.m2/repository/org/springframework/data/spring-data-jpa/2.4.5/spring-data-jpa-2.4.5.jar:/home/morteza/.m2/repository/org/springframework/data/spring-data-commons/2.4.5/spring-data-commons-2.4.5.jar:/home/morteza/.m2/repository/org/springframework/spring-orm/5.3.4/spring-orm-5.3.4.jar:/home/morteza/.m2/repository/org/springframework/spring-tx/5.3.4/spring-tx-5.3.4.jar:/home/morteza/.m2/repository/org/springframework/spring-aspects/5.3.4/spring-aspects-5.3.4.jar:/home/morteza/.m2/repository/org/springframework/boot/spring-boot-starter-web/2.4.3/spring-boot-starter-web-2.4.3.jar:/home/morteza/.m2/repository/org/springframework/boot/spring-boot-starter-json/2.4.3/spring-boot-starter-json-2.4.3.jar:/home/morteza/.m2/repository/com/fasterxml/jackson/core/jackson-databind/2.11.4/jackson-databind-2.11.4.jar:/home/morteza/.m2/repository/com/fasterxml/jackson/core/jackson-annotations/2.11.4/jackson-annotations-2.11.4.jar:/home/morteza/.m2/repository/com/fasterxml/jackson/core/jackson-core/2.11.4/jackson-core-2.11.4.jar:/home/morteza/.m2/repository/com/fasterxml/jackson/datatype/jackson-datatype-jdk8/2.11.4/jackson-datatype-jdk8-2.11.4.jar:/home/morteza/.m2/repository/com/fasterxml/jackson/datatype/jackson-datatype-jsr310/2.11.4/jackson-datatype-jsr310-2.11.4.jar:/home/morteza/.m2/repository/com/fasterxml/jackson/module/jackson-module-parameter-names/2.11.4/jackson-module-parameter-names-2.11.4.jar:/home/morteza/.m2/repository/org/springframework/boot/spring-boot-starter-tomcat/2.4.3/spring-boot-starter-tomcat-2.4.3.jar:/home/morteza/.m2/repository/org/apache/tomcat/embed/tomcat-embed-core/9.0.43/tomcat-embed-core-9.0.43.jar:/home/morteza/.m2/repository/org/glassfish/jakarta.el/3.0.3/jakarta.el-3.0.3.jar:/home/morteza/.m2/repository/org/apache/tomcat/embed/tomcat-embed-websocket/9.0.43/tomcat-embed-websocket-9.0.43.jar:/home/morteza/.m2/repository/org/springframework/spring-web/5.3.4/spring-web-5.3.4.jar:/home/morteza/.m2/repository/com/h2database/h2/1.4.200/h2-1.4.200.jar:/home/morteza/.m2/repository/org/springframework/boot/spring-boot-starter-test/2.4.3/spring-boot-starter-test-2.4.3.jar:/home/morteza/.m2/repository/org/springframework/boot/spring-boot-test/2.4.3/spring-boot-test-2.4.3.jar:/home/morteza/.m2/repository/org/springframework/boot/spring-boot-test-autoconfigure/2.4.3/spring-boot-test-autoconfigure-2.4.3.jar:/home/morteza/.m2/repository/com/jayway/jsonpath/json-path/2.4.0/json-path-2.4.0.jar:/home/morteza/.m2/repository/net/minidev/json-smart/2.3/json-smart-2.3.jar:/home/morteza/.m2/repository/net/minidev/accessors-smart/1.2/accessors-smart-1.2.jar:/home/morteza/.m2/repository/org/ow2/asm/asm/5.0.4/asm-5.0.4.jar:/home/morteza/.m2/repository/jakarta/xml/bind/jakarta.xml.bind-api/2.3.3/jakarta.xml.bind-api-2.3.3.jar:/home/morteza/.m2/repository/jakarta/activation/jakarta.activation-api/1.2.2/jakarta.activation-api-1.2.2.jar:/home/morteza/.m2/repository/org/assertj/assertj-core/3.18.1/assertj-core-3.18.1.jar:/home/morteza/.m2/repository/org/hamcrest/hamcrest/2.2/hamcrest-2.2.jar:/home/morteza/.m2/repository/org/junit/jupiter/junit-jupiter/5.7.1/junit-jupiter-5.7.1.jar:/home/morteza/.m2/repository/org/junit/jupiter/junit-jupiter-api/5.7.1/junit-jupiter-api-5.7.1.jar:/home/morteza/.m2/repository/org/apiguardian/apiguardian-api/1.1.0/apiguardian-api-1.1.0.jar:/home/morteza/.m2/repository/org/opentest4j/opentest4j/1.2.0/opentest4j-1.2.0.jar:/home/morteza/.m2/repository/org/junit/platform/junit-platform-commons/1.7.1/junit-platform-commons-1.7.1.jar:/home/morteza/.m2/repository/org/junit/jupiter/junit-jupiter-params/5.7.1/junit-jupiter-params-5.7.1.jar:/home/morteza/.m2/repository/org/junit/jupiter/junit-jupiter-engine/5.7.1/junit-jupiter-engine-5.7.1.jar:/home/morteza/.m2/repository/org/junit/platform/junit-platform-engine/1.7.1/junit-platform-engine-1.7.1.jar:/home/morteza/.m2/repository/org/mockito/mockito-core/3.6.28/mockito-core-3.6.28.jar:/home/morteza/.m2/repository/net/bytebuddy/byte-buddy-agent/1.10.20/byte-buddy-agent-1.10.20.jar:/home/morteza/.m2/repository/org/objenesis/objenesis/3.1/objenesis-3.1.jar:/home/morteza/.m2/repository/org/mockito/mockito-junit-jupiter/3.6.28/mockito-junit-jupiter-3.6.28.jar:/home/morteza/.m2/repository/org/skyscreamer/jsonassert/1.5.0/jsonassert-1.5.0.jar:/home/morteza/.m2/repository/com/vaadin/external/google/android-json/0.0.20131108.vaadin1/android-json-0.0.20131108.vaadin1.jar:/home/morteza/.m2/repository/org/springframework/spring-core/5.3.4/spring-core-5.3.4.jar:/home/morteza/.m2/repository/org/springframework/spring-jcl/5.3.4/spring-jcl-5.3.4.jar:/home/morteza/.m2/repository/org/springframework/spring-test/5.3.4/spring-test-5.3.4.jar:/home/morteza/.m2/repository/org/xmlunit/xmlunit-core/2.7.0/xmlunit-core-2.7.0.jar:/home/morteza/.m2/repository/org/springframework/spring-webmvc/5.3.3/spring-webmvc-5.3.3.jar:/home/morteza/.m2/repository/org/springframework/spring-aop/5.3.4/spring-aop-5.3.4.jar:/home/morteza/.m2/repository/org/springframework/spring-beans/5.3.4/spring-beans-5.3.4.jar:/home/morteza/.m2/repository/org/springframework/spring-context/5.3.4/spring-context-5.3.4.jar:/home/morteza/.m2/repository/org/springframework/spring-expression/5.3.4/spring-expression-5.3.4.jar:"/>
    <property name="com.ibm.zero.version" value="2"/>
    <property name="java.vm.vendor" value="Eclipse OpenJ9"/>
    <property name="sun.arch.data.model" value="64"/>
    <property name="com.ibm.vm.bitmode" value="64"/>
    <property name="user.variant" value=""/>
    <property name="com.ibm.oti.vm.library.version" value="29"/>
    <property name="java.vendor.url" value="https://adoptopenjdk.net/"/>
    <property name="user.timezone" value=""/>
    <property name="os.name" value="Linux"/>
    <property name="java.vm.specification.version" value="1.8"/>
    <property name="sun.java.launcher" value="SUN_STANDARD"/>
    <property name="user.country" value="US"/>
    <property name="sun.boot.library.path" value="/home/morteza/.jdks/adopt-openj9-1.8.0_282/jre/lib/amd64/compressedrefs:/home/morteza/.jdks/adopt-openj9-1.8.0_282/jre/lib/amd64"/>
    <property name="sun.java.command" value="/media/morteza/Develop/Projects/JavaTest/aasda/testAssignment/target/surefire/surefirebooter8606512854707013170.jar /media/morteza/Develop/Projects/JavaTest/aasda/testAssignment/target/surefire 2021-03-01T22-03-06_868-jvmRun1 surefire372163659417695727tmp surefire_0526931941557671411tmp"/>
    <property name="surefire.test.class.path" value="/media/morteza/Develop/Projects/JavaTest/aasda/testAssignment/target/test-classes:/media/morteza/Develop/Projects/JavaTest/aasda/testAssignment/target/classes:/home/morteza/.m2/repository/org/springframework/boot/spring-boot-starter-thymeleaf/2.4.3/spring-boot-starter-thymeleaf-2.4.3.jar:/home/morteza/.m2/repository/org/springframework/boot/spring-boot-starter/2.4.3/spring-boot-starter-2.4.3.jar:/home/morteza/.m2/repository/org/springframework/boot/spring-boot/2.4.3/spring-boot-2.4.3.jar:/home/morteza/.m2/repository/org/springframework/boot/spring-boot-autoconfigure/2.4.3/spring-boot-autoconfigure-2.4.3.jar:/home/morteza/.m2/repository/org/springframework/boot/spring-boot-starter-logging/2.4.3/spring-boot-starter-logging-2.4.3.jar:/home/morteza/.m2/repository/ch/qos/logback/logback-classic/1.2.3/logback-classic-1.2.3.jar:/home/morteza/.m2/repository/ch/qos/logback/logback-core/1.2.3/logback-core-1.2.3.jar:/home/morteza/.m2/repository/org/apache/logging/log4j/log4j-to-slf4j/2.13.3/log4j-to-slf4j-2.13.3.jar:/home/morteza/.m2/repository/org/apache/logging/log4j/log4j-api/2.13.3/log4j-api-2.13.3.jar:/home/morteza/.m2/repository/org/slf4j/jul-to-slf4j/1.7.30/jul-to-slf4j-1.7.30.jar:/home/morteza/.m2/repository/jakarta/annotation/jakarta.annotation-api/1.3.5/jakarta.annotation-api-1.3.5.jar:/home/morteza/.m2/repository/org/yaml/snakeyaml/1.27/snakeyaml-1.27.jar:/home/morteza/.m2/repository/org/thymeleaf/thymeleaf-spring5/3.0.12.RELEASE/thymeleaf-spring5-3.0.12.RELEASE.jar:/home/morteza/.m2/repository/org/thymeleaf/thymeleaf/3.0.12.RELEASE/thymeleaf-3.0.12.RELEASE.jar:/home/morteza/.m2/repository/org/attoparser/attoparser/2.0.5.RELEASE/attoparser-2.0.5.RELEASE.jar:/home/morteza/.m2/repository/org/unbescape/unbescape/1.1.6.RELEASE/unbescape-1.1.6.RELEASE.jar:/home/morteza/.m2/repository/org/slf4j/slf4j-api/1.7.30/slf4j-api-1.7.30.jar:/home/morteza/.m2/repository/org/thymeleaf/extras/thymeleaf-extras-java8time/3.0.4.RELEASE/thymeleaf-extras-java8time-3.0.4.RELEASE.jar:/home/morteza/.m2/repository/org/springframework/boot/spring-boot-starter-data-jpa/2.4.3/spring-boot-starter-data-jpa-2.4.3.jar:/home/morteza/.m2/repository/org/springframework/boot/spring-boot-starter-aop/2.4.3/spring-boot-starter-aop-2.4.3.jar:/home/morteza/.m2/repository/org/aspectj/aspectjweaver/1.9.6/aspectjweaver-1.9.6.jar:/home/morteza/.m2/repository/org/springframework/boot/spring-boot-starter-jdbc/2.4.3/spring-boot-starter-jdbc-2.4.3.jar:/home/morteza/.m2/repository/com/zaxxer/HikariCP/3.4.5/HikariCP-3.4.5.jar:/home/morteza/.m2/repository/org/springframework/spring-jdbc/5.3.4/spring-jdbc-5.3.4.jar:/home/morteza/.m2/repository/jakarta/transaction/jakarta.transaction-api/1.3.3/jakarta.transaction-api-1.3.3.jar:/home/morteza/.m2/repository/jakarta/persistence/jakarta.persistence-api/2.2.3/jakarta.persistence-api-2.2.3.jar:/home/morteza/.m2/repository/org/hibernate/hibernate-core/5.4.28.Final/hibernate-core-5.4.28.Final.jar:/home/morteza/.m2/repository/org/jboss/logging/jboss-logging/3.4.1.Final/jboss-logging-3.4.1.Final.jar:/home/morteza/.m2/repository/org/javassist/javassist/3.27.0-GA/javassist-3.27.0-GA.jar:/home/morteza/.m2/repository/net/bytebuddy/byte-buddy/1.10.20/byte-buddy-1.10.20.jar:/home/morteza/.m2/repository/antlr/antlr/2.7.7/antlr-2.7.7.jar:/home/morteza/.m2/repository/org/jboss/jandex/2.2.3.Final/jandex-2.2.3.Final.jar:/home/morteza/.m2/repository/com/fasterxml/classmate/1.5.1/classmate-1.5.1.jar:/home/morteza/.m2/repository/org/dom4j/dom4j/2.1.3/dom4j-2.1.3.jar:/home/morteza/.m2/repository/org/hibernate/common/hibernate-commons-annotations/5.1.2.Final/hibernate-commons-annotations-5.1.2.Final.jar:/home/morteza/.m2/repository/org/glassfish/jaxb/jaxb-runtime/2.3.3/jaxb-runtime-2.3.3.jar:/home/morteza/.m2/repository/org/glassfish/jaxb/txw2/2.3.3/txw2-2.3.3.jar:/home/morteza/.m2/repository/com/sun/istack/istack-commons-runtime/3.0.11/istack-commons-runtime-3.0.11.jar:/home/morteza/.m2/repository/com/sun/activation/jakarta.activation/1.2.2/jakarta.activation-1.2.2.jar:/home/morteza/.m2/repository/org/springframework/data/spring-data-jpa/2.4.5/spring-data-jpa-2.4.5.jar:/home/morteza/.m2/repository/org/springframework/data/spring-data-commons/2.4.5/spring-data-commons-2.4.5.jar:/home/morteza/.m2/repository/org/springframework/spring-orm/5.3.4/spring-orm-5.3.4.jar:/home/morteza/.m2/repository/org/springframework/spring-tx/5.3.4/spring-tx-5.3.4.jar:/home/morteza/.m2/repository/org/springframework/spring-aspects/5.3.4/spring-aspects-5.3.4.jar:/home/morteza/.m2/repository/org/springframework/boot/spring-boot-starter-web/2.4.3/spring-boot-starter-web-2.4.3.jar:/home/morteza/.m2/repository/org/springframework/boot/spring-boot-starter-json/2.4.3/spring-boot-starter-json-2.4.3.jar:/home/morteza/.m2/repository/com/fasterxml/jackson/core/jackson-databind/2.11.4/jackson-databind-2.11.4.jar:/home/morteza/.m2/repository/com/fasterxml/jackson/core/jackson-annotations/2.11.4/jackson-annotations-2.11.4.jar:/home/morteza/.m2/repository/com/fasterxml/jackson/core/jackson-core/2.11.4/jackson-core-2.11.4.jar:/home/morteza/.m2/repository/com/fasterxml/jackson/datatype/jackson-datatype-jdk8/2.11.4/jackson-datatype-jdk8-2.11.4.jar:/home/morteza/.m2/repository/com/fasterxml/jackson/datatype/jackson-datatype-jsr310/2.11.4/jackson-datatype-jsr310-2.11.4.jar:/home/morteza/.m2/repository/com/fasterxml/jackson/module/jackson-module-parameter-names/2.11.4/jackson-module-parameter-names-2.11.4.jar:/home/morteza/.m2/repository/org/springframework/boot/spring-boot-starter-tomcat/2.4.3/spring-boot-starter-tomcat-2.4.3.jar:/home/morteza/.m2/repository/org/apache/tomcat/embed/tomcat-embed-core/9.0.43/tomcat-embed-core-9.0.43.jar:/home/morteza/.m2/repository/org/glassfish/jakarta.el/3.0.3/jakarta.el-3.0.3.jar:/home/morteza/.m2/repository/org/apache/tomcat/embed/tomcat-embed-websocket/9.0.43/tomcat-embed-websocket-9.0.43.jar:/home/morteza/.m2/repository/org/springframework/spring-web/5.3.4/spring-web-5.3.4.jar:/home/morteza/.m2/repository/com/h2database/h2/1.4.200/h2-1.4.200.jar:/home/morteza/.m2/repository/org/springframework/boot/spring-boot-starter-test/2.4.3/spring-boot-starter-test-2.4.3.jar:/home/morteza/.m2/repository/org/springframework/boot/spring-boot-test/2.4.3/spring-boot-test-2.4.3.jar:/home/morteza/.m2/repository/org/springframework/boot/spring-boot-test-autoconfigure/2.4.3/spring-boot-test-autoconfigure-2.4.3.jar:/home/morteza/.m2/repository/com/jayway/jsonpath/json-path/2.4.0/json-path-2.4.0.jar:/home/morteza/.m2/repository/net/minidev/json-smart/2.3/json-smart-2.3.jar:/home/morteza/.m2/repository/net/minidev/accessors-smart/1.2/accessors-smart-1.2.jar:/home/morteza/.m2/repository/org/ow2/asm/asm/5.0.4/asm-5.0.4.jar:/home/morteza/.m2/repository/jakarta/xml/bind/jakarta.xml.bind-api/2.3.3/jakarta.xml.bind-api-2.3.3.jar:/home/morteza/.m2/repository/jakarta/activation/jakarta.activation-api/1.2.2/jakarta.activation-api-1.2.2.jar:/home/morteza/.m2/repository/org/assertj/assertj-core/3.18.1/assertj-core-3.18.1.jar:/home/morteza/.m2/repository/org/hamcrest/hamcrest/2.2/hamcrest-2.2.jar:/home/morteza/.m2/repository/org/junit/jupiter/junit-jupiter/5.7.1/junit-jupiter-5.7.1.jar:/home/morteza/.m2/repository/org/junit/jupiter/junit-jupiter-api/5.7.1/junit-jupiter-api-5.7.1.jar:/home/morteza/.m2/repository/org/apiguardian/apiguardian-api/1.1.0/apiguardian-api-1.1.0.jar:/home/morteza/.m2/repository/org/opentest4j/opentest4j/1.2.0/opentest4j-1.2.0.jar:/home/morteza/.m2/repository/org/junit/platform/junit-platform-commons/1.7.1/junit-platform-commons-1.7.1.jar:/home/morteza/.m2/repository/org/junit/jupiter/junit-jupiter-params/5.7.1/junit-jupiter-params-5.7.1.jar:/home/morteza/.m2/repository/org/junit/jupiter/junit-jupiter-engine/5.7.1/junit-jupiter-engine-5.7.1.jar:/home/morteza/.m2/repository/org/junit/platform/junit-platform-engine/1.7.1/junit-platform-engine-1.7.1.jar:/home/morteza/.m2/repository/org/mockito/mockito-core/3.6.28/mockito-core-3.6.28.jar:/home/morteza/.m2/repository/net/bytebuddy/byte-buddy-agent/1.10.20/byte-buddy-agent-1.10.20.jar:/home/morteza/.m2/repository/org/objenesis/objenesis/3.1/objenesis-3.1.jar:/home/morteza/.m2/repository/org/mockito/mockito-junit-jupiter/3.6.28/mockito-junit-jupiter-3.6.28.jar:/home/morteza/.m2/repository/org/skyscreamer/jsonassert/1.5.0/jsonassert-1.5.0.jar:/home/morteza/.m2/repository/com/vaadin/external/google/android-json/0.0.20131108.vaadin1/android-json-0.0.20131108.vaadin1.jar:/home/morteza/.m2/repository/org/springframework/spring-core/5.3.4/spring-core-5.3.4.jar:/home/morteza/.m2/repository/org/springframework/spring-jcl/5.3.4/spring-jcl-5.3.4.jar:/home/morteza/.m2/repository/org/springframework/spring-test/5.3.4/spring-test-5.3.4.jar:/home/morteza/.m2/repository/org/xmlunit/xmlunit-core/2.7.0/xmlunit-core-2.7.0.jar:/home/morteza/.m2/repository/org/springframework/spring-webmvc/5.3.3/spring-webmvc-5.3.3.jar:/home/morteza/.m2/repository/org/springframework/spring-aop/5.3.4/spring-aop-5.3.4.jar:/home/morteza/.m2/repository/org/springframework/spring-beans/5.3.4/spring-beans-5.3.4.jar:/home/morteza/.m2/repository/org/springframework/spring-context/5.3.4/spring-context-5.3.4.jar:/home/morteza/.m2/repository/org/springframework/spring-expression/5.3.4/spring-expression-5.3.4.jar:"/>
    <property name="sun.cpu.endian" value="little"/>
    <property name="user.home" value="/home/morteza"/>
    <property name="user.language" value="en"/>
    <property name="java.specification.vendor" value="Oracle Corporation"/>
    <property name="java.home" value="/home/morteza/.jdks/adopt-openj9-1.8.0_282/jre"/>
    <property name="ibm.signalhandling.rs" value="false"/>
    <property name="file.separator" value="/"/>
    <property name="jdk.extensions.name" value="Extensions for OpenJDK for Eclipse OpenJ9"/>
    <property name="basedir" value="/media/morteza/Develop/Projects/JavaTest/aasda/testAssignment"/>
    <property name="line.separator" value="&#10;"/>
    <property name="java.vm.specification.vendor" value="Oracle Corporation"/>
    <property name="java.specification.name" value="Java Platform API Specification"/>
    <property name="java.compiler" value="j9jit29"/>
    <property name="com.ibm.util.extralibs.properties" value=""/>
    <property name="sun.java.launcher.pid" value="6265"/>
    <property name="java.awt.graphicsenv" value="sun.awt.X11GraphicsEnvironment"/>
    <property name="com.ibm.oti.configuration" value="scar"/>
    <property name="java.awt.fonts" value=""/>
    <property name="surefire.real.class.path" value="/media/morteza/Develop/Projects/JavaTest/aasda/testAssignment/target/surefire/surefirebooter8606512854707013170.jar"/>
    <property name="com.ibm.oti.shared.enabled" value="false"/>
    <property name="sun.boot.class.path" value="/home/morteza/.jdks/adopt-openj9-1.8.0_282/jre/lib/amd64/compressedrefs/jclSC180/vm.jar:/home/morteza/.jdks/adopt-openj9-1.8.0_282/jre/lib/se-service.jar:/home/morteza/.jdks/adopt-openj9-1.8.0_282/jre/lib/rt.jar:/home/morteza/.jdks/adopt-openj9-1.8.0_282/jre/lib/resources.jar:/home/morteza/.jdks/adopt-openj9-1.8.0_282/jre/lib/jsse.jar:/home/morteza/.jdks/adopt-openj9-1.8.0_282/jre/lib/charsets.jar:/home/morteza/.jdks/adopt-openj9-1.8.0_282/jre/lib/jce.jar"/>
    <property name="com.ibm.oti.vm.bootstrap.library.path" value="/home/morteza/.jdks/adopt-openj9-1.8.0_282/jre/lib/amd64/compressedrefs:/home/morteza/.jdks/adopt-openj9-1.8.0_282/jre/lib/amd64"/>
    <property name="com.ibm.cpu.endian" value="little"/>
    <property name="java.fullversion" value="1.8.0_282-b08&#10;JRE 1.8.0 Linux amd64-64-Bit Compressed References 20210120_930 (JIT enabled, AOT enabled)&#10;OpenJ9   - 345e1b09e&#10;OMR      - 741e94ea8&#10;JCL      - ab07c6a8fd based on jdk8u282-b08"/>
    <property name="java.runtime.version" value="1.8.0_282-b08"/>
    <property name="user.name" value="morteza"/>
    <property name="path.separator" value=":"/>
    <property name="os.version" value="5.4.0-65-generic"/>
    <property name="java.endorsed.dirs" value="/home/morteza/.jdks/adopt-openj9-1.8.0_282/jre/lib/endorsed"/>
    <property name="java.runtime.name" value="OpenJDK Runtime Environment"/>
    <property name="ibm.signalhandling.sigint" value="true"/>
    <property name="file.encoding" value="UTF-8"/>
    <property name="java.vm.name" value="Eclipse OpenJ9 VM"/>
    <property name="ibm.signalhandling.sigchain" value="true"/>
    <property name="localRepository" value="/home/morteza/.m2/repository"/>
    <property name="java.io.tmpdir" value="/tmp"/>
    <property name="idea.version" value="2020.2.3"/>
    <property name="java.version" value="1.8.0_282"/>
    <property name="com.ibm.system.agent.path" value="/home/morteza/.jdks/adopt-openj9-1.8.0_282/jre/lib/amd64"/>
    <property name="user.dir" value="/media/morteza/Develop/Projects/JavaTest/aasda/testAssignment"/>
    <property name="os.arch" value="amd64"/>
    <property name="java.vm.specification.name" value="Java Virtual Machine Specification"/>
    <property name="java.awt.printerjob" value="sun.print.PSPrinterJob"/>
    <property name="os.encoding" value="UTF-8"/>
    <property name="java.library.path" value="/home/morteza/.jdks/adopt-openj9-1.8.0_282/jre/lib/amd64/compressedrefs:/home/morteza/.jdks/adopt-openj9-1.8.0_282/jre/lib/amd64:/usr/lib64:/usr/lib"/>
    <property name="java.vendor" value="AdoptOpenJDK"/>
    <property name="java.vm.info" value="JRE 1.8.0 Linux amd64-64-Bit Compressed References 20210120_930 (JIT enabled, AOT enabled)&#10;OpenJ9   - 345e1b09e&#10;OMR      - 741e94ea8&#10;JCL      - ab07c6a8fd based on jdk8u282-b08"/>
    <property name="java.vm.version" value="openj9-0.24.0"/>
    <property name="com.ibm.jcl.checkClassPath" value=""/>
    <property name="ibm.system.encoding" value="UTF-8"/>
    <property name="sun.io.unicode.encoding" value="UnicodeLittle"/>
    <property name="java.ext.dirs" value="/home/morteza/.jdks/adopt-openj9-1.8.0_282/jre/lib/ext"/>
    <property name="java.class.version" value="52.0"/>
  </properties>
  <testcase name="contextLoads" classname="com.mk.testAssignment.TestAssignmentApplicationTests" time="0.041"/>
  <testcase name="saveAllSector" classname="com.mk.testAssignment.TestAssignmentApplicationTests" time="0.033"/>
</testsuite>